[validate] detected 4 GPUs, 256 CPUs
[validate] model.device=cpu  cpus_per_fold=64
[validate] queued fold 0 -> group cpu task 817
[validate] queued fold 1 -> group cpu task 820
[validate] queued fold 2 -> group cpu task 822
[validate] queued fold 3 -> group cpu task 823
[validate] waiting for tasks [817, 820, 822, 823]
16:02:37 - Task 817 changed from Queued to Running
16:02:54 - Task 817 succeeded with 0
16:02:54 - Task 820 changed from Queued to Running
16:02:54 - Task 822 changed from Queued to Running
16:02:54 - Task 823 changed from Queued to Running
16:03:10 - Task 820 succeeded with 0
16:03:10 - Task 822 succeeded with 0
16:03:12 - Task 823 succeeded with 0

=== 20260421T160219Z_v7b-l50-d20 ===
description:  v7b L50 D20
overall:      Sharpe=+0.0893  mean_rho=+0.02213  std_rho=0.24799  n=1961
fold 0:       Sharpe=+0.0111  mean_rho=+0.00263  std_rho=0.23730  n=491  runtime=  15.6s
fold 1:       Sharpe=+0.0779  mean_rho=+0.01883  std_rho=0.24178  n=491  runtime=  15.2s
fold 2:       Sharpe=+0.0912  mean_rho=+0.02356  std_rho=0.25819  n=491  runtime=  15.3s
fold 3:       Sharpe=+0.1725  mean_rho=+0.04366  std_rho=0.25317  n=488  runtime=  15.6s
last-fold-delta (fold3 - mean(others)):  +0.1124
eval time:    compute=61.8s  wallclock=15.6s
cached preds: /root/commodity/validation/predictions_cache/20260421T160219Z_v7b-l50-d20.csv
log:          /root/commodity/validation/log.csv
