[validate] detected 4 GPUs, 256 CPUs
[validate] model.device=cpu  cpus_per_fold=64
[validate] queued fold 0 -> group cpu task 774
[validate] queued fold 1 -> group cpu task 775
[validate] queued fold 2 -> group cpu task 777
[validate] queued fold 3 -> group cpu task 780
[validate] waiting for tasks [774, 775, 777, 780]
15:59:14 - Task 774 changed from Queued to Running
15:59:14 - Task 775 changed from Queued to Running
15:59:30 - Task 774 succeeded with 0
15:59:30 - Task 775 succeeded with 0
15:59:30 - Task 777 changed from Queued to Running
15:59:43 - Task 780 changed from Queued to Running
15:59:46 - Task 777 succeeded with 0
16:00:01 - Task 780 succeeded with 0

=== 20260421T155856Z_v7b-l15-d15 ===
description:  v7b L15 D15
overall:      Sharpe=+0.0889  mean_rho=+0.02172  std_rho=0.24429  n=1961
fold 0:       Sharpe=+0.0262  mean_rho=+0.00615  std_rho=0.23482  n=491  runtime=  14.9s
fold 1:       Sharpe=+0.0655  mean_rho=+0.01544  std_rho=0.23581  n=491  runtime=  15.4s
fold 2:       Sharpe=+0.1075  mean_rho=+0.02757  std_rho=0.25649  n=491  runtime=  15.6s
fold 3:       Sharpe=+0.1520  mean_rho=+0.03783  std_rho=0.24895  n=488  runtime=  16.7s
last-fold-delta (fold3 - mean(others)):  +0.0856
eval time:    compute=62.6s  wallclock=16.7s
cached preds: /root/commodity/validation/predictions_cache/20260421T155856Z_v7b-l15-d15.csv
log:          /root/commodity/validation/log.csv
