[validate] detected 4 GPUs, 256 CPUs
[validate] model.device=cpu  cpus_per_fold=64
[validate] queued fold 0 -> group cpu task 908
[validate] queued fold 1 -> group cpu task 909
[validate] queued fold 2 -> group cpu task 910
[validate] queued fold 3 -> group cpu task 911
[validate] waiting for tasks [908, 909, 910, 911]
16:23:56 - Task 908 changed from Queued to Running
16:23:56 - Task 909 changed from Queued to Running
16:23:56 - Task 910 changed from Queued to Running
16:23:56 - Task 911 changed from Queued to Running
16:24:15 - Task 908 succeeded with 0
16:24:18 - Task 909 succeeded with 0
16:24:18 - Task 910 succeeded with 0
16:24:18 - Task 911 succeeded with 0

=== 20260421T162354Z_v21-v19-pair-spread-features-log-spread- ===
description:  v21 v19 + pair-spread features (log-spread zscore + pair returns)
overall:      Sharpe=+0.0751  mean_rho=+0.01816  std_rho=0.24194  n=1961
fold 0:       Sharpe=-0.0111  mean_rho=-0.00279  std_rho=0.25266  n=491  runtime=  20.4s
fold 1:       Sharpe=+0.0602  mean_rho=+0.01432  std_rho=0.23803  n=491  runtime=  21.6s
fold 2:       Sharpe=+0.1046  mean_rho=+0.02421  std_rho=0.23145  n=491  runtime=  21.5s
fold 3:       Sharpe=+0.1516  mean_rho=+0.03701  std_rho=0.24411  n=488  runtime=  21.5s
last-fold-delta (fold3 - mean(others)):  +0.1004
eval time:    compute=85.0s  wallclock=21.6s
cached preds: /root/commodity/validation/predictions_cache/20260421T162354Z_v21-v19-pair-spread-features-log-spread-.csv
log:          /root/commodity/validation/log.csv
