[validate] detected 4 GPUs, 256 CPUs
[validate] model.device=cuda  cpus_per_fold=64
[validate] queued fold 0 -> group gpu0 task 1009
[validate] queued fold 1 -> group gpu1 task 1011
[validate] queued fold 2 -> group gpu2 task 1013
[validate] queued fold 3 -> group gpu3 task 1015
[validate] waiting for tasks [1009, 1011, 1013, 1015]
16:47:03 - Task 1013 changed from Queued to Running
16:47:22 - Task 1011 changed from Queued to Running
16:47:26 - Task 1015 changed from Queued to Running
16:47:33 - Task 1009 changed from Queued to Running
16:49:55 - Task 1013 succeeded with 0
16:50:10 - Task 1011 succeeded with 0
16:50:18 - Task 1015 succeeded with 0
16:50:31 - Task 1009 succeeded with 0

=== 20260421T164039Z_v24-d5r60l100 ===
description:  v24_d5r60l100
overall:      Sharpe=+0.1024  mean_rho=+0.02605  std_rho=0.25427  n=1961
fold 0:       Sharpe=+0.0160  mean_rho=+0.00410  std_rho=0.25620  n=491  runtime= 180.0s
fold 1:       Sharpe=+0.0871  mean_rho=+0.02132  std_rho=0.24477  n=491  runtime= 168.8s
fold 2:       Sharpe=+0.1068  mean_rho=+0.02732  std_rho=0.25579  n=491  runtime= 171.8s
fold 3:       Sharpe=+0.1995  mean_rho=+0.05159  std_rho=0.25862  n=488  runtime= 172.7s
last-fold-delta (fold3 - mean(others)):  +0.1295
eval time:    compute=693.2s  wallclock=180.0s
cached preds: /root/commodity/validation/predictions_cache/20260421T164039Z_v24-d5r60l100.csv
log:          /root/commodity/validation/log.csv
