[validate] detected 4 GPUs, 256 CPUs
[validate] model.device=cpu  cpus_per_fold=64
[validate] queued fold 0 -> group cpu task 880
[validate] queued fold 1 -> group cpu task 881
[validate] queued fold 2 -> group cpu task 882
[validate] queued fold 3 -> group cpu task 883
[validate] waiting for tasks [880, 881, 882, 883]
16:19:42 - Found active Task 880 with status Running
16:19:42 - Found active Task 881 with status Running
16:19:44 - Task 882 changed from Queued to Running
16:19:44 - Task 883 changed from Queued to Running
16:19:55 - Task 880 succeeded with 0
16:19:57 - Task 881 succeeded with 0
16:19:57 - Task 882 succeeded with 0
16:19:57 - Task 883 succeeded with 0

=== 20260421T161942Z_v20-direct-ridge-alpha-30-wide ===
description:  v20 direct ridge alpha=30 wide
overall:      Sharpe=+0.0660  mean_rho=+0.01640  std_rho=0.24853  n=1961
fold 0:       Sharpe=-0.0296  mean_rho=-0.00723  std_rho=0.24394  n=491  runtime=  13.0s
fold 1:       Sharpe=+0.0634  mean_rho=+0.01552  std_rho=0.24470  n=491  runtime=  13.4s
fold 2:       Sharpe=+0.0693  mean_rho=+0.01746  std_rho=0.25183  n=491  runtime=  13.0s
fold 3:       Sharpe=+0.1586  mean_rho=+0.03999  std_rho=0.25206  n=488  runtime=  13.4s
last-fold-delta (fold3 - mean(others)):  +0.1243
eval time:    compute=52.8s  wallclock=13.4s
cached preds: /root/commodity/validation/predictions_cache/20260421T161942Z_v20-direct-ridge-alpha-30-wide.csv
log:          /root/commodity/validation/log.csv
